<?xml version="1.0" encoding="UTF-8"?>
<testsuite xmlns:xsi="http://www.w3.org/2001/XMLSchema-instance" xsi:noNamespaceSchemaLocation="https://maven.apache.org/surefire/maven-surefire-plugin/xsd/surefire-test-report-3.0.xsd" version="3.0" name="com.example.writer.EmailWriterSbApplicationTests" time="2.948" tests="1" errors="0" skipped="0" failures="0">
  <properties>
[...]
</properties>
  <testcase name="contextLoads" classname="com.example.writer.EmailWriterSbApplicationTests" time="0.832">
    <system-out><![CDATA[11:03:26.224 [main] INFO org.springframework.test.context.support.AnnotationConfigContextLoaderUtils -- Could not detect default configuration classes for test class [com.example.writer.EmailWriterSbApplicationTests]: EmailWriterSbApplicationTests does not declare any static, non-private, non-final, nested classes annotated with @Configuration.
11:03:26.316 [main] INFO org.springframework.boot.test.context.SpringBootTestContextBootstrapper -- Found @SpringBootConfiguration com.example.writer.EmailWriterSbApplication for test class com.example.writer.EmailWriterSbApplicationTests

  .   ____          _            __ _ _
 /\\ / ___'_ __ _ _(_)_ __  __ _ \ \ \ \
( ( )\___ | '_ | '_| | '_ \/ _` | \ \ \ \
 \\/  ___)| |_)| | | | | || (_| |  ) ) ) )
  '  |____| .__|_| |_|_| |_\__, | / / / /
 =========|_|==============|___/=/_/_/_/
 :: Spring Boot ::                (v3.2.0)

2025-08-17T11:03:26.734+05:30  INFO 25976 --- [email-writer-sb] [           main] c.e.w.EmailWriterSbApplicationTests      : Starting EmailWriterSbApplicationTests using Java 17.0.12 with PID 25976 (started by saura in C:\Users\saura\IdeaProjects\Git_email\Smart-Eme\email-writer-sb)
2025-08-17T11:03:26.735+05:30  INFO 25976 --- [email-writer-sb] [           main] c.e.w.EmailWriterSbApplicationTests      : No active profile set, falling back to 1 default profile: "default"
2025-08-17T11:03:28.182+05:30  INFO 25976 --- [email-writer-sb] [           main] c.e.w.EmailWriterSbApplicationTests      : Started EmailWriterSbApplicationTests in 1.701 seconds (process running for 2.583)
]]></system-out>
  </testcase>
</testsuite>